[0905/005417.233:ERROR:process_reader_win.cc(123)] NtOpenThread: {无法访问} 过程已请求访问一对象，但未给访问权限。 (0xc0000022)
[0905/005417.532:ERROR:process_reader_win.cc(123)] NtOpenThread: {无法访问} 过程已请求访问一对象，但未给访问权限。 (0xc0000022)
[0905/005418.609:ERROR:exception_snapshot_win.cc(98)] thread ID 12836 not found in process
[0905/005417.534:ERROR:process_reader_win.cc(123)] NtOpenThread: {无法访问} 过程已请求访问一对象，但未给访问权限。 (0xc0000022)
[0905/005417.534:ERROR:process_reader_win.cc(123)] NtOpenThread: {无法访问} 过程已请求访问一对象，但未给访问权限。 (0xc0000022)
[0905/005418.609:ERROR:exception_snapshot_win.cc(98)] thread ID 12864 not found in process
[0905/005417.230:ERROR:process_reader_win.cc(123)] NtOpenThread: {无法访问} 过程已请求访问一对象，但未给访问权限。 (0xc0000022)
[0905/005417.354:ERROR:process_reader_win.cc(123)] NtOpenThread: {无法访问} 过程已请求访问一对象，但未给访问权限。 (0xc0000022)
[0905/005417.238:ERROR:process_reader_win.cc(123)] NtOpenThread: {无法访问} 过程已请求访问一对象，但未给访问权限。 (0xc0000022)
[0905/005418.610:ERROR:exception_snapshot_win.cc(98)] thread ID 3224 not found in process
[0905/005418.610:ERROR:exception_snapshot_win.cc(98)] thread ID 2536 not found in process
[0905/005418.612:ERROR:exception_snapshot_win.cc(98)] thread ID 9544 not found in process
[0905/005417.375:ERROR:process_reader_win.cc(123)] NtOpenThread: {无法访问} 过程已请求访问一对象，但未给访问权限。 (0xc0000022)
[0905/005417.369:ERROR:process_reader_win.cc(123)] NtOpenThread: {无法访问} 过程已请求访问一对象，但未给访问权限。 (0xc0000022)
[0905/005418.613:ERROR:exception_snapshot_win.cc(98)] thread ID 6888 not found in process
[0905/005417.530:ERROR:process_reader_win.cc(123)] NtOpenThread: {无法访问} 过程已请求访问一对象，但未给访问权限。 (0xc0000022)
[0905/005417.359:ERROR:process_reader_win.cc(123)] NtOpenThread: {无法访问} 过程已请求访问一对象，但未给访问权限。 (0xc0000022)
[0905/005418.613:ERROR:exception_snapshot_win.cc(98)] thread ID 11500 not found in process
[0905/005418.613:ERROR:exception_snapshot_win.cc(98)] thread ID 5572 not found in process
[0905/005418.612:ERROR:exception_snapshot_win.cc(98)] thread ID 7508 not found in process
[0905/005418.613:ERROR:exception_snapshot_win.cc(98)] thread ID 12880 not found in process
[0905/005418.613:ERROR:exception_snapshot_win.cc(98)] thread ID 12208 not found in process
[0905/005418.612:ERROR:scoped_process_suspend.cc(40)] NtResumeProcess: 已尝试访问正在退出的过程。 (0xc000010a)
[0905/005418.613:ERROR:scoped_process_suspend.cc(40)] NtResumeProcess: 已尝试访问正在退出的过程。 (0xc000010a)
[0905/005418.614:ERROR:scoped_process_suspend.cc(40)] NtResumeProcess: 已尝试访问正在退出的过程。 (0xc000010a)
[0905/005418.613:ERROR:scoped_process_suspend.cc(40)] NtResumeProcess: 已尝试访问正在退出的过程。 (0xc000010a)
[0905/005418.614:ERROR:scoped_process_suspend.cc(40)] NtResumeProcess: 已尝试访问正在退出的过程。 (0xc000010a)
[0905/005418.614:ERROR:scoped_process_suspend.cc(40)] NtResumeProcess: 已尝试访问正在退出的过程。 (0xc000010a)
[0906/075942.759:ERROR:process_reader_win.cc(123)] NtOpenThread: {无法访问} 过程已请求访问一对象，但未给访问权限。 (0xc0000022)
[0906/075942.995:ERROR:process_info.cc(98)] ReadProcessMemory UNICODE_STRING: 仅完成部分的 ReadProcessMemory 或 WriteProcessMemory 请求。 (0x12B)
[0906/075943.037:ERROR:exception_snapshot_win.cc(98)] thread ID 9348 not found in process
[0906/075943.037:ERROR:process_info.cc(118)] ReadProcessMemory bool __cdecl crashpad::(anonymous namespace)::ReadStruct(HANDLE, crashpad::WinVMAddress, T *) [T = crashpad::process_types::LDR_DATA_TABLE_ENTRY<crashpad::process_types::internal::Traits64>]: 仅完成部分的 ReadProcessMemory 或 WriteProcessMemory 请求。 (0x12B)
[0906/075943.038:ERROR:process_info.cc(329)] VirtualQueryEx: 拒绝访问。 (0x5)
[0906/075943.038:ERROR:process_info.cc(556)] ReadMemoryInfo failed
[0906/075943.038:ERROR:scoped_process_suspend.cc(40)] NtResumeProcess: 已尝试访问正在退出的过程。 (0xc000010a)
[0906/075943.038:ERROR:scoped_process_suspend.cc(40)] NtResumeProcess: 已尝试访问正在退出的过程。 (0xc000010a)
[0906/233408.988:ERROR:process_reader_win.cc(151)] SuspendThread: 拒绝访问。 (0x5)
[0906/233409.334:ERROR:process_reader_win.cc(151)] SuspendThread: 拒绝访问。 (0x5)
[0906/233409.334:ERROR:process_reader_win.cc(151)] SuspendThread: 拒绝访问。 (0x5)
[0906/233409.334:ERROR:process_reader_win.cc(151)] SuspendThread: 拒绝访问。 (0x5)
[0906/233409.334:ERROR:process_reader_win.cc(151)] SuspendThread: 拒绝访问。 (0x5)
[0906/233409.334:ERROR:process_reader_win.cc(151)] SuspendThread: 拒绝访问。 (0x5)
[0906/233409.334:ERROR:process_reader_win.cc(151)] SuspendThread: 拒绝访问。 (0x5)
[0906/233408.767:ERROR:process_reader_win.cc(123)] NtOpenThread: {无法访问} 过程已请求访问一对象，但未给访问权限。 (0xc0000022)
[0906/233410.611:ERROR:process_reader_win.cc(123)] NtOpenThread: {无法访问} 过程已请求访问一对象，但未给访问权限。 (0xc0000022)
[0906/233409.334:ERROR:process_reader_win.cc(123)] NtOpenThread: {无法访问} 过程已请求访问一对象，但未给访问权限。 (0xc0000022)
[0906/233410.940:ERROR:exception_snapshot_win.cc(98)] thread ID 12604 not found in process
[0906/233410.940:ERROR:exception_snapshot_win.cc(98)] thread ID 2168 not found in process
[0906/233410.940:ERROR:exception_snapshot_win.cc(98)] thread ID 7804 not found in process
[0906/233411.048:ERROR:process_reader_win.cc(123)] NtOpenThread: {无法访问} 过程已请求访问一对象，但未给访问权限。 (0xc0000022)
[0906/233411.048:ERROR:exception_snapshot_win.cc(98)] thread ID 4120 not found in process
[0906/233411.461:ERROR:process_reader_win.cc(123)] NtOpenThread: {无法访问} 过程已请求访问一对象，但未给访问权限。 (0xc0000022)
[0906/233411.461:ERROR:exception_snapshot_win.cc(98)] thread ID 936 not found in process
[0906/233411.550:ERROR:process_info.cc(329)] VirtualQueryEx: 拒绝访问。 (0x5)
[0906/233411.550:ERROR:process_info.cc(556)] ReadMemoryInfo failed
[0906/233411.550:ERROR:scoped_process_suspend.cc(40)] NtResumeProcess: 已尝试访问正在退出的过程。 (0xc000010a)
[0906/233412.185:ERROR:process_reader_win.cc(123)] NtOpenThread: {无法访问} 过程已请求访问一对象，但未给访问权限。 (0xc0000022)
[0906/233412.185:ERROR:exception_snapshot_win.cc(98)] thread ID 8436 not found in process
[0906/233412.186:ERROR:process_reader_win.cc(123)] NtOpenThread: {无法访问} 过程已请求访问一对象，但未给访问权限。 (0xc0000022)
[0906/233412.186:ERROR:exception_snapshot_win.cc(98)] thread ID 7824 not found in process
[0906/233412.193:ERROR:process_reader_win.cc(123)] NtOpenThread: {无法访问} 过程已请求访问一对象，但未给访问权限。 (0xc0000022)
[0906/233412.194:ERROR:exception_snapshot_win.cc(98)] thread ID 12268 not found in process
[0906/233412.196:ERROR:process_reader_win.cc(123)] NtOpenThread: {无法访问} 过程已请求访问一对象，但未给访问权限。 (0xc0000022)
[0906/233412.196:ERROR:exception_snapshot_win.cc(98)] thread ID 2460 not found in process
